<?xml version="1.0" encoding="UTF-8"?>
<!-- Generated by org.testng.reporters.JUnitReportReporter -->
<testsuite hostname="Midhuna" failures="0" tests="60" name="parallel.TestNGRunnerNG1" time="626.717" errors="0" timestamp="2024-04-23T17:26:55 CDT" skipped="0">
  <testcase classname="parallel.TestNGRunnerNG1" name="runScenario" time="14.140"/>
  <testcase classname="parallel.TestNGRunnerNG1" name="runScenario" time="3.876"/>
  <testcase classname="parallel.TestNGRunnerNG1" name="runScenario" time="4.975"/>
  <testcase classname="parallel.TestNGRunnerNG1" name="runScenario" time="11.752"/>
  <testcase classname="parallel.TestNGRunnerNG1" name="runScenario" time="14.065"/>
  <testcase classname="parallel.TestNGRunnerNG1" name="runScenario" time="15.202"/>
  <testcase classname="parallel.TestNGRunnerNG1" name="runScenario" time="2.814"/>
  <testcase classname="parallel.TestNGRunnerNG1" name="runScenario" time="15.400"/>
  <testcase classname="parallel.TestNGRunnerNG1" name="runScenario" time="4.944"/>
  <testcase classname="parallel.TestNGRunnerNG1" name="runScenario" time="13.891"/>
  <testcase classname="parallel.TestNGRunnerNG1" name="runScenario" time="14.288"/>
  <testcase classname="parallel.TestNGRunnerNG1" name="runScenario" time="8.923"/>
  <testcase classname="parallel.TestNGRunnerNG1" name="runScenario" time="5.135"/>
  <testcase classname="parallel.TestNGRunnerNG1" name="runScenario" time="13.393"/>
  <testcase classname="parallel.TestNGRunnerNG1" name="runScenario" time="8.160"/>
  <testcase classname="parallel.TestNGRunnerNG1" name="runScenario" time="14.099"/>
  <testcase classname="parallel.TestNGRunnerNG1" name="runScenario" time="14.017"/>
  <testcase classname="parallel.TestNGRunnerNG1" name="runScenario" time="11.893"/>
  <testcase classname="parallel.TestNGRunnerNG1" name="runScenario" time="6.970"/>
  <testcase classname="parallel.TestNGRunnerNG1" name="runScenario" time="7.469"/>
  <testcase classname="parallel.TestNGRunnerNG1" name="runScenario" time="12.581"/>
  <testcase classname="parallel.TestNGRunnerNG1" name="runScenario" time="6.789"/>
  <testcase classname="parallel.TestNGRunnerNG1" name="runScenario" time="5.619"/>
  <testcase classname="parallel.TestNGRunnerNG1" name="runScenario" time="7.195"/>
  <testcase classname="parallel.TestNGRunnerNG1" name="runScenario" time="13.267"/>
  <testcase classname="parallel.TestNGRunnerNG1" name="runScenario" time="11.417"/>
  <testcase classname="parallel.TestNGRunnerNG1" name="runScenario" time="6.515"/>
  <testcase classname="parallel.TestNGRunnerNG1" name="runScenario" time="12.504"/>
  <testcase classname="parallel.TestNGRunnerNG1" name="runScenario" time="12.286"/>
  <testcase classname="parallel.TestNGRunnerNG1" name="runScenario" time="6.596"/>
  <testcase classname="parallel.TestNGRunnerNG1" name="runScenario" time="10.071"/>
  <testcase classname="parallel.TestNGRunnerNG1" name="runScenario" time="14.264"/>
  <testcase classname="parallel.TestNGRunnerNG1" name="runScenario" time="15.407"/>
  <testcase classname="parallel.TestNGRunnerNG1" name="runScenario" time="12.951"/>
  <testcase classname="parallel.TestNGRunnerNG1" name="runScenario" time="4.516"/>
  <testcase classname="parallel.TestNGRunnerNG1" name="runScenario" time="8.491"/>
  <testcase classname="parallel.TestNGRunnerNG1" name="runScenario" time="13.920"/>
  <testcase classname="parallel.TestNGRunnerNG1" name="runScenario" time="10.536"/>
  <testcase classname="parallel.TestNGRunnerNG1" name="runScenario" time="15.588"/>
  <testcase classname="parallel.TestNGRunnerNG1" name="runScenario" time="4.895"/>
  <testcase classname="parallel.TestNGRunnerNG1" name="runScenario" time="12.891"/>
  <testcase classname="parallel.TestNGRunnerNG1" name="runScenario" time="6.517"/>
  <testcase classname="parallel.TestNGRunnerNG1" name="runScenario" time="14.653"/>
  <testcase classname="parallel.TestNGRunnerNG1" name="runScenario" time="13.098"/>
  <testcase classname="parallel.TestNGRunnerNG1" name="runScenario" time="5.165"/>
  <testcase classname="parallel.TestNGRunnerNG1" name="runScenario" time="14.193"/>
  <testcase classname="parallel.TestNGRunnerNG1" name="runScenario" time="10.993"/>
  <testcase classname="parallel.TestNGRunnerNG1" name="runScenario" time="12.044"/>
  <testcase classname="parallel.TestNGRunnerNG1" name="runScenario" time="5.213"/>
  <testcase classname="parallel.TestNGRunnerNG1" name="runScenario" time="9.129"/>
  <testcase classname="parallel.TestNGRunnerNG1" name="runScenario" time="13.576"/>
  <testcase classname="parallel.TestNGRunnerNG1" name="runScenario" time="12.252"/>
  <testcase classname="parallel.TestNGRunnerNG1" name="runScenario" time="2.319"/>
  <testcase classname="parallel.TestNGRunnerNG1" name="runScenario" time="4.734"/>
  <testcase classname="parallel.TestNGRunnerNG1" name="runScenario" time="13.261"/>
  <testcase classname="parallel.TestNGRunnerNG1" name="runScenario" time="12.078"/>
  <testcase classname="parallel.TestNGRunnerNG1" name="runScenario" time="12.359"/>
  <testcase classname="parallel.TestNGRunnerNG1" name="runScenario" time="12.668"/>
  <testcase classname="parallel.TestNGRunnerNG1" name="runScenario" time="12.900"/>
  <testcase classname="parallel.TestNGRunnerNG1" name="runScenario" time="15.860"/>
</testsuite> <!-- parallel.TestNGRunnerNG1 -->
